<?xml version="1.0" encoding="UTF-8"?>
<testng-results skipped="0" failed="0" ignored="0" total="1" passed="1">
  <reporter-output>
  </reporter-output>
  <suite name="Surefire suite" duration-ms="60" started-at="2021-12-15T23:31:21Z" finished-at="2021-12-15T23:31:21Z">
    <groups>
    </groups>
    <test name="Surefire test" duration-ms="60" started-at="2021-12-15T23:31:21Z" finished-at="2021-12-15T23:31:21Z">
      <class name="au.com.carsguide.AppTest">
        <test-method status="PASS" signature="shouldAnswerWithTrue()" name="shouldAnswerWithTrue" duration-ms="8" started-at="2021-12-15T23:31:21Z" finished-at="2021-12-15T23:31:21Z">
          <reporter-output>
          </reporter-output>
        </test-method> <!-- shouldAnswerWithTrue -->
      </class> <!-- au.com.carsguide.AppTest -->
    </test> <!-- Surefire test -->
  </suite> <!-- Surefire suite -->
</testng-results>
